[06-Feb-2021 13:04:31] NOTICE: fpm is running, pid 9961
[06-Feb-2021 13:04:31] NOTICE: ready to handle connections
[14-Feb-2021 15:50:35] NOTICE: Terminating ...
[14-Feb-2021 15:50:35] NOTICE: Terminating ...
[14-Feb-2021 15:50:35] NOTICE: exiting, bye-bye!
[01-Mar-2021 10:37:18] NOTICE: fpm is running, pid 7716
[01-Mar-2021 10:37:18] NOTICE: ready to handle connections
[01-Mar-2021 10:52:35] NOTICE: Terminating ...
[01-Mar-2021 10:52:35] NOTICE: Terminating ...
[01-Mar-2021 10:52:35] NOTICE: exiting, bye-bye!
[01-Mar-2021 10:52:37] NOTICE: fpm is running, pid 8110
[01-Mar-2021 10:52:37] NOTICE: ready to handle connections
[01-Mar-2021 20:06:47] NOTICE: Terminating ...
[01-Mar-2021 20:06:47] NOTICE: Terminating ...
[01-Mar-2021 20:06:47] NOTICE: exiting, bye-bye!
[01-Mar-2021 20:09:15] NOTICE: fpm is running, pid 10697
[01-Mar-2021 20:09:15] NOTICE: ready to handle connections
[01-Mar-2021 22:11:53] NOTICE: Terminating ...
[01-Mar-2021 22:11:53] NOTICE: Terminating ...
[01-Mar-2021 22:11:53] NOTICE: exiting, bye-bye!
[03-May-2021 09:14:05] NOTICE: fpm is running, pid 2150
[03-May-2021 09:14:05] NOTICE: ready to handle connections
[03-May-2021 09:17:11] NOTICE: Terminating ...
[03-May-2021 09:17:11] NOTICE: Terminating ...
[03-May-2021 09:17:11] NOTICE: exiting, bye-bye!
[08-May-2021 16:31:48] NOTICE: fpm is running, pid 1117
[08-May-2021 16:31:48] NOTICE: ready to handle connections
[09-May-2021 21:39:26] NOTICE: Terminating ...
[09-May-2021 21:39:26] NOTICE: Terminating ...
[09-May-2021 21:39:26] NOTICE: exiting, bye-bye!
[08-Apr-2022 18:29:48] NOTICE: fpm is running, pid 7324
[08-Apr-2022 18:29:48] NOTICE: ready to handle connections
[12-Apr-2022 11:33:33] NOTICE: fpm is running, pid 4348
[12-Apr-2022 11:33:33] NOTICE: ready to handle connections
[12-Apr-2022 16:23:11] NOTICE: Terminating ...
[12-Apr-2022 16:23:11] NOTICE: Terminating ...
[12-Apr-2022 16:23:11] NOTICE: exiting, bye-bye!
[19-Apr-2022 17:25:43] NOTICE: fpm is running, pid 33037
[19-Apr-2022 17:25:43] NOTICE: ready to handle connections
[20-Apr-2022 16:19:21] NOTICE: Terminating ...
[20-Apr-2022 16:19:21] NOTICE: Terminating ...
[20-Apr-2022 16:19:21] NOTICE: exiting, bye-bye!
[20-Apr-2022 19:19:24] NOTICE: fpm is running, pid 39296
[20-Apr-2022 19:19:24] NOTICE: ready to handle connections
[20-Apr-2022 23:34:43] NOTICE: Terminating ...
[20-Apr-2022 23:34:44] NOTICE: Terminating ...
[20-Apr-2022 23:34:44] NOTICE: exiting, bye-bye!
[21-Apr-2022 11:31:17] NOTICE: fpm is running, pid 41866
[21-Apr-2022 11:31:17] NOTICE: ready to handle connections
