[Sat Feb 06 13:04:30.978429 2021] [mpm_event:notice] [pid 9963:tid 4530415040] AH00489: Apache/2.4.43 (Unix) configured -- resuming normal operations
[Sat Feb 06 13:04:30.980048 2021] [core:notice] [pid 9963:tid 4530415040] AH00094: Command line: '/Users/thierrycouilleault/Library/Application Support/Local/lightning-services/apache-2.4.43+6/bin/darwin/bin/httpd -D FOREGROUND -f /Users/thierrycouilleault/Library/Application Support/Local/run/BzeGSfyeO/conf/apache/apache2.conf'
[Sun Feb 14 15:50:36.895783 2021] [mpm_event:notice] [pid 9963:tid 4530415040] AH00491: caught SIGTERM, shutting down
[Mon Mar 01 10:37:17.887532 2021] [mpm_event:notice] [pid 7718:tid 4618728896] AH00489: Apache/2.4.43 (Unix) configured -- resuming normal operations
[Mon Mar 01 10:37:17.889852 2021] [core:notice] [pid 7718:tid 4618728896] AH00094: Command line: '/Users/thierrycouilleault/Library/Application Support/Local/lightning-services/apache-2.4.43+6/bin/darwin/bin/httpd -D FOREGROUND -f /Users/thierrycouilleault/Library/Application Support/Local/run/BzeGSfyeO/conf/apache/apache2.conf'
[Mon Mar 01 10:52:35.358875 2021] [mpm_event:notice] [pid 7718:tid 4618728896] AH00491: caught SIGTERM, shutting down
[Mon Mar 01 20:09:14.269486 2021] [mpm_event:notice] [pid 10699:tid 4607559104] AH00489: Apache/2.4.43 (Unix) configured -- resuming normal operations
[Mon Mar 01 20:09:14.296399 2021] [core:notice] [pid 10699:tid 4607559104] AH00094: Command line: '/Users/thierrycouilleault/Library/Application Support/Local/lightning-services/apache-2.4.43+6/bin/darwin/bin/httpd -D FOREGROUND -f /Users/thierrycouilleault/Library/Application Support/Local/run/BzeGSfyeO/conf/apache/apache2.conf'
[Mon Mar 01 22:11:54.013573 2021] [mpm_event:notice] [pid 10699:tid 4607559104] AH00491: caught SIGTERM, shutting down
[Mon May 03 09:14:05.496560 2021] [mpm_event:notice] [pid 2152:tid 4560430528] AH00489: Apache/2.4.43 (Unix) configured -- resuming normal operations
[Mon May 03 09:14:05.497469 2021] [core:notice] [pid 2152:tid 4560430528] AH00094: Command line: '/Users/thierrycouilleault/Library/Application Support/Local/lightning-services/apache-2.4.43+6/bin/darwin/bin/httpd -D FOREGROUND -f /Users/thierrycouilleault/Library/Application Support/Local/run/BzeGSfyeO/conf/apache/apache2.conf'
[Mon May 03 09:17:11.346637 2021] [mpm_event:notice] [pid 2152:tid 4560430528] AH00491: caught SIGTERM, shutting down
[Sat May 08 16:31:48.520502 2021] [mpm_event:notice] [pid 1119:tid 4486419904] AH00489: Apache/2.4.43 (Unix) configured -- resuming normal operations
[Sat May 08 16:31:48.522717 2021] [core:notice] [pid 1119:tid 4486419904] AH00094: Command line: '/Users/thierrycouilleault/Library/Application Support/Local/lightning-services/apache-2.4.43+6/bin/darwin/bin/httpd -D FOREGROUND -f /Users/thierrycouilleault/Library/Application Support/Local/run/BzeGSfyeO/conf/apache/apache2.conf'
[Sun May 09 21:39:27.119434 2021] [mpm_event:notice] [pid 1119:tid 4486419904] AH00491: caught SIGTERM, shutting down
[Fri Apr 08 18:29:47.883607 2022] [mpm_event:notice] [pid 7326:tid 4762045952] AH00489: Apache/2.4.43 (Unix) configured -- resuming normal operations
[Fri Apr 08 18:29:47.887180 2022] [core:notice] [pid 7326:tid 4762045952] AH00094: Command line: '/Users/thierrycouilleault/Library/Application Support/Local/lightning-services/apache-2.4.43+6/bin/darwin/bin/httpd -D FOREGROUND -f /Users/thierrycouilleault/Library/Application Support/Local/run/BzeGSfyeO/conf/apache/apache2.conf'
[Tue Apr 12 11:33:31.752338 2022] [core:warn] [pid 4350:tid 4679708160] AH00098: pid file /Users/thierrycouilleault/Library/Application Support/Local/run/BzeGSfyeO/apache/logs/httpd.pid overwritten -- Unclean shutdown of previous Apache run?
[Tue Apr 12 11:33:31.759036 2022] [mpm_event:notice] [pid 4350:tid 4679708160] AH00489: Apache/2.4.43 (Unix) configured -- resuming normal operations
[Tue Apr 12 11:33:31.759132 2022] [core:notice] [pid 4350:tid 4679708160] AH00094: Command line: '/Users/thierrycouilleault/Library/Application Support/Local/lightning-services/apache-2.4.43+6/bin/darwin/bin/httpd -D FOREGROUND -f /Users/thierrycouilleault/Library/Application Support/Local/run/BzeGSfyeO/conf/apache/apache2.conf'
[Tue Apr 12 16:23:12.042073 2022] [mpm_event:notice] [pid 4350:tid 4679708160] AH00491: caught SIGTERM, shutting down
[Tue Apr 19 17:25:42.468366 2022] [mpm_event:notice] [pid 33039:tid 4548541952] AH00489: Apache/2.4.43 (Unix) configured -- resuming normal operations
[Tue Apr 19 17:25:42.482797 2022] [core:notice] [pid 33039:tid 4548541952] AH00094: Command line: '/Users/thierrycouilleault/Library/Application Support/Local/lightning-services/apache-2.4.43+6/bin/darwin/bin/httpd -D FOREGROUND -f /Users/thierrycouilleault/Library/Application Support/Local/run/BzeGSfyeO/conf/apache/apache2.conf'
[Wed Apr 20 16:19:23.069191 2022] [mpm_event:notice] [pid 33039:tid 4548541952] AH00491: caught SIGTERM, shutting down
[Wed Apr 20 19:19:23.817577 2022] [mpm_event:notice] [pid 39298:tid 4440575488] AH00489: Apache/2.4.43 (Unix) configured -- resuming normal operations
[Wed Apr 20 19:19:23.818533 2022] [core:notice] [pid 39298:tid 4440575488] AH00094: Command line: '/Users/thierrycouilleault/Library/Application Support/Local/lightning-services/apache-2.4.43+6/bin/darwin/bin/httpd -D FOREGROUND -f /Users/thierrycouilleault/Library/Application Support/Local/run/BzeGSfyeO/conf/apache/apache2.conf'
[Wed Apr 20 23:34:44.143274 2022] [mpm_event:notice] [pid 39298:tid 4440575488] AH00491: caught SIGTERM, shutting down
[Thu Apr 21 11:31:17.361216 2022] [mpm_event:notice] [pid 41868:tid 4776844800] AH00489: Apache/2.4.43 (Unix) configured -- resuming normal operations
[Thu Apr 21 11:31:17.364527 2022] [core:notice] [pid 41868:tid 4776844800] AH00094: Command line: '/Users/thierrycouilleault/Library/Application Support/Local/lightning-services/apache-2.4.43+6/bin/darwin/bin/httpd -D FOREGROUND -f /Users/thierrycouilleault/Library/Application Support/Local/run/BzeGSfyeO/conf/apache/apache2.conf'
